  main.cpp
C:\Users\doman\source\repos\Game_robot_v02\Game_robot_v02\main.cpp(106,35): warning C4244: 'argument': conversion from 'int' to 'T', possible loss of data
          with
          [
              T=float
          ]
C:\Users\doman\source\repos\Game_robot_v02\Game_robot_v02\main.cpp(106,32): warning C4244: 'argument': conversion from 'int' to 'T', possible loss of data
          with
          [
              T=float
          ]
C:\Users\doman\source\repos\Game_robot_v02\Game_robot_v02\main.cpp(115,62): warning C4244: 'argument': conversion from 'int' to 'T', possible loss of data
          with
          [
              T=float
          ]
C:\Users\doman\source\repos\Game_robot_v02\Game_robot_v02\main.cpp(115,48): warning C4244: 'argument': conversion from 'int' to 'T', possible loss of data
          with
          [
              T=float
          ]
C:\Users\doman\source\repos\Game_robot_v02\Game_robot_v02\main.cpp(119,63): warning C4244: 'argument': conversion from 'int' to 'T', possible loss of data
          with
          [
              T=float
          ]
C:\Users\doman\source\repos\Game_robot_v02\Game_robot_v02\main.cpp(119,49): warning C4244: 'argument': conversion from 'int' to 'T', possible loss of data
          with
          [
              T=float
          ]
C:\Users\doman\source\repos\Game_robot_v02\Game_robot_v02\main.cpp(127,63): warning C4244: 'argument': conversion from 'int' to 'T', possible loss of data
          with
          [
              T=float
          ]
C:\Users\doman\source\repos\Game_robot_v02\Game_robot_v02\main.cpp(127,49): warning C4244: 'argument': conversion from 'int' to 'T', possible loss of data
          with
          [
              T=float
          ]
C:\Users\doman\source\repos\Game_robot_v02\Game_robot_v02\main.cpp(146,32): warning C4244: 'initializing': conversion from 'const T' to 'int', possible loss of data
          with
          [
              T=float
          ]
C:\Users\doman\source\repos\Game_robot_v02\Game_robot_v02\main.cpp(147,32): warning C4244: 'initializing': conversion from 'const T' to 'int', possible loss of data
          with
          [
              T=float
          ]
C:\Users\doman\source\repos\Game_robot_v02\Game_robot_v02\main.cpp(227,39): warning C4244: 'argument': conversion from 'int' to 'T', possible loss of data
          with
          [
              T=float
          ]
C:\Users\doman\source\repos\Game_robot_v02\Game_robot_v02\main.cpp(227,36): warning C4244: 'argument': conversion from 'int' to 'T', possible loss of data
          with
          [
              T=float
          ]
C:\Users\doman\source\repos\Game_robot_v02\Game_robot_v02\main.cpp(465): warning C4715: 'menuRobot': not all control paths return a value
C:\Users\doman\source\repos\Game_robot_v02\Game_robot_v02\main.cpp(371): warning C4715: 'menuGame': not all control paths return a value
C:\Users\doman\source\repos\Game_robot_v02\Game_robot_v02\main.cpp(545): warning C4715: 'menuMap': not all control paths return a value
C:\Users\doman\source\repos\Game_robot_v02\Game_robot_v02\main.cpp(629): warning C4715: 'menuMode': not all control paths return a value
  Game_robot_v03.vcxproj -> C:\Users\doman\source\repos\Game_robot_v03\x64\Debug\Game_robot_v03.exe
